[debug] [2020-02-24T21:54:28.835Z] ----------------------------------------------------------------------
[debug] [2020-02-24T21:54:28.837Z] Command:       /usr/local/Cellar/node/12.9.0/bin/node /usr/local/bin/firebase init functions
[debug] [2020-02-24T21:54:28.837Z] CLI Version:   7.13.1
[debug] [2020-02-24T21:54:28.837Z] Platform:      darwin
[debug] [2020-02-24T21:54:28.837Z] Node Version:  v12.9.0
[debug] [2020-02-24T21:54:28.837Z] Time:          Mon Feb 24 2020 16:54:28 GMT-0500 (Eastern Standard Time)
[debug] [2020-02-24T21:54:28.837Z] ----------------------------------------------------------------------
[debug] [2020-02-24T21:54:28.838Z] 
[debug] [2020-02-24T21:54:28.844Z] > command requires scopes: ["email","openid","https://www.googleapis.com/auth/cloudplatformprojects.readonly","https://www.googleapis.com/auth/firebase","https://www.googleapis.com/auth/cloud-platform"]
[debug] [2020-02-24T21:54:28.844Z] > authorizing via signed-in user
[info] 
     ######## #### ########  ######## ########     ###     ######  ########
     ##        ##  ##     ## ##       ##     ##  ##   ##  ##       ##
     ######    ##  ########  ######   ########  #########  ######  ######
     ##        ##  ##    ##  ##       ##     ## ##     ##       ## ##
     ##       #### ##     ## ######## ########  ##     ##  ######  ########

You're about to initialize a Firebase project in this directory:

  /Users/justin/Documents/Apps/Froodz

[info] 
=== Project Setup
[info] 
[info] First, let's associate this project directory with a Firebase project.
[info] You can create multiple project aliases by running firebase use --add, 
[info] but for now we'll just set up a default project.
[info] 
